{"/Users/shivammaheshwari/Code/todo-app-firebase/App.js": {"path":"/Users/shivammaheshwari/Code/todo-app-firebase/App.js","statementMap":{"0":{"start":{"line":8,"column":12},"end":{"line":14,"column":1}},"1":{"start":{"line":9,"column":2},"end":{"line":13,"column":3}}},"fnMap":{"0":{"name":"(anonymous_0)","decl":{"start":{"line":8,"column":12},"end":{"line":8,"column":13}},"loc":{"start":{"line":8,"column":18},"end":{"line":14,"column":1}},"line":8}},"branchMap":{},"s":{"0":0,"1":0},"f":{"0":0},"b":{}}
,"/Users/shivammaheshwari/Code/todo-app-firebase/Colours.js": {"path":"/Users/shivammaheshwari/Code/todo-app-firebase/Colours.js","statementMap":{},"fnMap":{},"branchMap":{},"s":{},"f":{},"b":{},"_coverageSchema":"1a1c01bbd47fc00a2c39e90264f33305004495a9","hash":"f43a7bc28a74de54e8ddbf1808728dbf3ad1ebb2"}
,"/Users/shivammaheshwari/Code/todo-app-firebase/Firebase.js": {"path":"/Users/shivammaheshwari/Code/todo-app-firebase/Firebase.js","statementMap":{"0":{"start":{"line":7,"column":23},"end":{"line":15,"column":1}},"1":{"start":{"line":22,"column":0},"end":{"line":32,"column":1}},"2":{"start":{"line":23,"column":2},"end":{"line":23,"column":37}},"3":{"start":{"line":24,"column":2},"end":{"line":26,"column":4}},"4":{"start":{"line":27,"column":2},"end":{"line":27,"column":31}},"5":{"start":{"line":29,"column":2},"end":{"line":29,"column":16}},"6":{"start":{"line":30,"column":2},"end":{"line":30,"column":18}},"7":{"start":{"line":31,"column":2},"end":{"line":31,"column":28}}},"fnMap":{},"branchMap":{"0":{"loc":{"start":{"line":22,"column":0},"end":{"line":32,"column":1}},"type":"if","locations":[{"start":{"line":22,"column":0},"end":{"line":32,"column":1}},{"start":{"line":28,"column":7},"end":{"line":32,"column":1}}],"line":22}},"s":{"0":0,"1":0,"2":0,"3":0,"4":0,"5":0,"6":0,"7":0},"f":{},"b":{"0":[0,0]}}
,"/Users/shivammaheshwari/Code/todo-app-firebase/Main.js": {"path":"/Users/shivammaheshwari/Code/todo-app-firebase/Main.js","statementMap":{"0":{"start":{"line":14,"column":13},"end":{"line":31,"column":1}},"1":{"start":{"line":15,"column":19},"end":{"line":15,"column":32}},"2":{"start":{"line":17,"column":2},"end":{"line":22,"column":8}},"3":{"start":{"line":18,"column":4},"end":{"line":21,"column":6}},"4":{"start":{"line":19,"column":6},"end":{"line":19,"column":48}},"5":{"start":{"line":20,"column":6},"end":{"line":20,"column":54}},"6":{"start":{"line":24,"column":2},"end":{"line":30,"column":3}},"7":{"start":{"line":35,"column":15},"end":{"line":82,"column":2}}},"fnMap":{"0":{"name":"(anonymous_0)","decl":{"start":{"line":14,"column":13},"end":{"line":14,"column":14}},"loc":{"start":{"line":14,"column":19},"end":{"line":31,"column":1}},"line":14},"1":{"name":"(anonymous_1)","decl":{"start":{"line":17,"column":12},"end":{"line":17,"column":13}},"loc":{"start":{"line":17,"column":18},"end":{"line":22,"column":3}},"line":17},"2":{"name":"(anonymous_2)","decl":{"start":{"line":18,"column":36},"end":{"line":18,"column":37}},"loc":{"start":{"line":18,"column":46},"end":{"line":21,"column":5}},"line":18}},"branchMap":{"0":{"loc":{"start":{"line":20,"column":30},"end":{"line":20,"column":52}},"type":"cond-expr","locations":[{"start":{"line":20,"column":37},"end":{"line":20,"column":45}},{"start":{"line":20,"column":48},"end":{"line":20,"column":52}}],"line":20}},"s":{"0":0,"1":0,"2":0,"3":0,"4":0,"5":0,"6":0,"7":0},"f":{"0":0,"1":0,"2":0},"b":{"0":[0,0]}}
,"/Users/shivammaheshwari/Code/todo-app-firebase/Navigation.js": {"path":"/Users/shivammaheshwari/Code/todo-app-firebase/Navigation.js","statementMap":{"0":{"start":{"line":14,"column":23},"end":{"line":24,"column":1}},"1":{"start":{"line":15,"column":21},"end":{"line":15,"column":36}},"2":{"start":{"line":17,"column":2},"end":{"line":23,"column":3}},"3":{"start":{"line":19,"column":39},"end":{"line":19,"column":70}},"4":{"start":{"line":25,"column":19},"end":{"line":64,"column":1}},"5":{"start":{"line":26,"column":16},"end":{"line":26,"column":38}},"6":{"start":{"line":28,"column":22},"end":{"line":28,"column":49}},"7":{"start":{"line":30,"column":2},"end":{"line":54,"column":3}},"8":{"start":{"line":31,"column":4},"end":{"line":53,"column":5}},"9":{"start":{"line":39,"column":35},"end":{"line":39,"column":53}},"10":{"start":{"line":46,"column":35},"end":{"line":46,"column":53}},"11":{"start":{"line":56,"column":2},"end":{"line":63,"column":3}}},"fnMap":{"0":{"name":"(anonymous_0)","decl":{"start":{"line":14,"column":23},"end":{"line":14,"column":24}},"loc":{"start":{"line":14,"column":29},"end":{"line":24,"column":1}},"line":14},"1":{"name":"(anonymous_1)","decl":{"start":{"line":19,"column":33},"end":{"line":19,"column":34}},"loc":{"start":{"line":19,"column":39},"end":{"line":19,"column":70}},"line":19},"2":{"name":"(anonymous_2)","decl":{"start":{"line":25,"column":19},"end":{"line":25,"column":20}},"loc":{"start":{"line":25,"column":25},"end":{"line":64,"column":1}},"line":25},"3":{"name":"(anonymous_3)","decl":{"start":{"line":39,"column":29},"end":{"line":39,"column":30}},"loc":{"start":{"line":39,"column":35},"end":{"line":39,"column":53}},"line":39},"4":{"name":"(anonymous_4)","decl":{"start":{"line":46,"column":29},"end":{"line":46,"column":30}},"loc":{"start":{"line":46,"column":35},"end":{"line":46,"column":53}},"line":46}},"branchMap":{"0":{"loc":{"start":{"line":30,"column":2},"end":{"line":54,"column":3}},"type":"if","locations":[{"start":{"line":30,"column":2},"end":{"line":54,"column":3}},{"start":{},"end":{}}],"line":30}},"s":{"0":0,"1":0,"2":0,"3":0,"4":0,"5":0,"6":0,"7":0,"8":0,"9":0,"10":0,"11":0},"f":{"0":0,"1":0,"2":0,"3":0,"4":0},"b":{"0":[0,0]}}
,"/Users/shivammaheshwari/Code/todo-app-firebase/store.js": {"path":"/Users/shivammaheshwari/Code/todo-app-firebase/store.js","statementMap":{"0":{"start":{"line":4,"column":14},"end":{"line":7,"column":2}},"1":{"start":{"line":6,"column":40},"end":{"line":6,"column":62}}},"fnMap":{"0":{"name":"(anonymous_0)","decl":{"start":{"line":6,"column":14},"end":{"line":6,"column":15}},"loc":{"start":{"line":6,"column":40},"end":{"line":6,"column":62}},"line":6}},"branchMap":{},"s":{"0":0,"1":0},"f":{"0":0},"b":{}}
,"/Users/shivammaheshwari/Code/todo-app-firebase/tempData.js": {"path":"/Users/shivammaheshwari/Code/todo-app-firebase/tempData.js","statementMap":{},"fnMap":{},"branchMap":{},"s":{},"f":{},"b":{}}
,"/Users/shivammaheshwari/Code/todo-app-firebase/components/AddListModal.js": {"path":"/Users/shivammaheshwari/Code/todo-app-firebase/components/AddListModal.js","statementMap":{"0":{"start":{"line":10,"column":19},"end":{"line":10,"column":44}},"1":{"start":{"line":13,"column":28},"end":{"line":13,"column":81}},"2":{"start":{"line":13,"column":65},"end":{"line":13,"column":80}},"3":{"start":{"line":14,"column":26},"end":{"line":20,"column":4}},"4":{"start":{"line":22,"column":19},"end":{"line":22,"column":32}},"5":{"start":{"line":24,"column":24},"end":{"line":41,"column":3}},"6":{"start":{"line":25,"column":4},"end":{"line":40,"column":5}},"7":{"start":{"line":28,"column":32},"end":{"line":28,"column":36}},"8":{"start":{"line":32,"column":10},"end":{"line":36,"column":12}},"9":{"start":{"line":35,"column":27},"end":{"line":35,"column":61}},"10":{"start":{"line":43,"column":21},"end":{"line":52,"column":3}},"11":{"start":{"line":44,"column":4},"end":{"line":49,"column":6}},"12":{"start":{"line":50,"column":4},"end":{"line":50,"column":53}},"13":{"start":{"line":51,"column":4},"end":{"line":51,"column":16}},"14":{"start":{"line":53,"column":2},"end":{"line":130,"column":3}},"15":{"start":{"line":65,"column":34},"end":{"line":65,"column":66}},"16":{"start":{"line":75,"column":34},"end":{"line":75,"column":73}},"17":{"start":{"line":83,"column":14},"end":{"line":83,"column":55}},"18":{"start":{"line":92,"column":14},"end":{"line":92,"column":33}},"19":{"start":{"line":95,"column":14},"end":{"line":95,"column":25}},"20":{"start":{"line":98,"column":14},"end":{"line":98,"column":106}},"21":{"start":{"line":105,"column":14},"end":{"line":105,"column":58}},"22":{"start":{"line":114,"column":14},"end":{"line":114,"column":106}},"23":{"start":{"line":117,"column":14},"end":{"line":117,"column":33}},"24":{"start":{"line":120,"column":14},"end":{"line":120,"column":25}},"25":{"start":{"line":132,"column":15},"end":{"line":174,"column":2}}},"fnMap":{"0":{"name":"(anonymous_0)","decl":{"start":{"line":12,"column":30},"end":{"line":12,"column":31}},"loc":{"start":{"line":12,"column":50},"end":{"line":131,"column":1}},"line":12},"1":{"name":"(anonymous_1)","decl":{"start":{"line":13,"column":58},"end":{"line":13,"column":59}},"loc":{"start":{"line":13,"column":65},"end":{"line":13,"column":80}},"line":13},"2":{"name":"(anonymous_2)","decl":{"start":{"line":24,"column":24},"end":{"line":24,"column":25}},"loc":{"start":{"line":24,"column":30},"end":{"line":41,"column":3}},"line":24},"3":{"name":"(anonymous_3)","decl":{"start":{"line":28,"column":22},"end":{"line":28,"column":23}},"loc":{"start":{"line":28,"column":32},"end":{"line":28,"column":36}},"line":28},"4":{"name":"(anonymous_4)","decl":{"start":{"line":31,"column":20},"end":{"line":31,"column":21}},"loc":{"start":{"line":32,"column":10},"end":{"line":36,"column":12}},"line":32},"5":{"name":"(anonymous_5)","decl":{"start":{"line":35,"column":21},"end":{"line":35,"column":22}},"loc":{"start":{"line":35,"column":27},"end":{"line":35,"column":61}},"line":35},"6":{"name":"(anonymous_6)","decl":{"start":{"line":43,"column":21},"end":{"line":43,"column":22}},"loc":{"start":{"line":43,"column":27},"end":{"line":52,"column":3}},"line":43},"7":{"name":"(anonymous_7)","decl":{"start":{"line":65,"column":24},"end":{"line":65,"column":25}},"loc":{"start":{"line":65,"column":34},"end":{"line":65,"column":66}},"line":65},"8":{"name":"(anonymous_8)","decl":{"start":{"line":75,"column":24},"end":{"line":75,"column":25}},"loc":{"start":{"line":75,"column":34},"end":{"line":75,"column":73}},"line":75},"9":{"name":"(anonymous_9)","decl":{"start":{"line":82,"column":22},"end":{"line":82,"column":23}},"loc":{"start":{"line":82,"column":47},"end":{"line":84,"column":13}},"line":82},"10":{"name":"(anonymous_10)","decl":{"start":{"line":91,"column":38},"end":{"line":91,"column":39}},"loc":{"start":{"line":91,"column":63},"end":{"line":93,"column":13}},"line":91},"11":{"name":"(anonymous_11)","decl":{"start":{"line":94,"column":33},"end":{"line":94,"column":34}},"loc":{"start":{"line":94,"column":50},"end":{"line":96,"column":13}},"line":94},"12":{"name":"(anonymous_12)","decl":{"start":{"line":97,"column":32},"end":{"line":97,"column":33}},"loc":{"start":{"line":97,"column":46},"end":{"line":99,"column":13}},"line":97},"13":{"name":"(anonymous_13)","decl":{"start":{"line":104,"column":22},"end":{"line":104,"column":23}},"loc":{"start":{"line":104,"column":47},"end":{"line":106,"column":13}},"line":104},"14":{"name":"(anonymous_14)","decl":{"start":{"line":113,"column":32},"end":{"line":113,"column":33}},"loc":{"start":{"line":113,"column":46},"end":{"line":115,"column":13}},"line":113},"15":{"name":"(anonymous_15)","decl":{"start":{"line":116,"column":38},"end":{"line":116,"column":39}},"loc":{"start":{"line":116,"column":63},"end":{"line":118,"column":13}},"line":116},"16":{"name":"(anonymous_16)","decl":{"start":{"line":119,"column":33},"end":{"line":119,"column":34}},"loc":{"start":{"line":119,"column":50},"end":{"line":121,"column":13}},"line":119}},"branchMap":{"0":{"loc":{"start":{"line":27,"column":14},"end":{"line":27,"column":37}},"type":"binary-expr","locations":[{"start":{"line":27,"column":14},"end":{"line":27,"column":31}},{"start":{"line":27,"column":35},"end":{"line":27,"column":37}}],"line":27},"1":{"loc":{"start":{"line":98,"column":37},"end":{"line":98,"column":77}},"type":"cond-expr","locations":[{"start":{"line":98,"column":48},"end":{"line":98,"column":60}},{"start":{"line":98,"column":63},"end":{"line":98,"column":77}}],"line":98},"2":{"loc":{"start":{"line":114,"column":37},"end":{"line":114,"column":77}},"type":"cond-expr","locations":[{"start":{"line":114,"column":48},"end":{"line":114,"column":60}},{"start":{"line":114,"column":63},"end":{"line":114,"column":77}}],"line":114}},"s":{"0":0,"1":0,"2":0,"3":0,"4":0,"5":0,"6":0,"7":0,"8":0,"9":0,"10":0,"11":0,"12":0,"13":0,"14":0,"15":0,"16":0,"17":0,"18":0,"19":0,"20":0,"21":0,"22":0,"23":0,"24":0,"25":0},"f":{"0":0,"1":0,"2":0,"3":0,"4":0,"5":0,"6":0,"7":0,"8":0,"9":0,"10":0,"11":0,"12":0,"13":0,"14":0,"15":0,"16":0},"b":{"0":[0,0],"1":[0,0],"2":[0,0]}}
,"/Users/shivammaheshwari/Code/todo-app-firebase/components/CustomButton.js": {"path":"/Users/shivammaheshwari/Code/todo-app-firebase/components/CustomButton.js","statementMap":{"0":{"start":{"line":5,"column":28},"end":{"line":23,"column":1}},"1":{"start":{"line":6,"column":2},"end":{"line":22,"column":3}}},"fnMap":{"0":{"name":"(anonymous_0)","decl":{"start":{"line":5,"column":28},"end":{"line":5,"column":29}},"loc":{"start":{"line":5,"column":91},"end":{"line":23,"column":1}},"line":5}},"branchMap":{"0":{"loc":{"start":{"line":19,"column":17},"end":{"line":19,"column":68}},"type":"binary-expr","locations":[{"start":{"line":19,"column":17},"end":{"line":19,"column":30}},{"start":{"line":19,"column":34},"end":{"line":19,"column":68}}],"line":19}},"s":{"0":0,"1":0},"f":{"0":0},"b":{"0":[0,0]}}
,"/Users/shivammaheshwari/Code/todo-app-firebase/components/CustomInput.js": {"path":"/Users/shivammaheshwari/Code/todo-app-firebase/components/CustomInput.js","statementMap":{"0":{"start":{"line":7,"column":27},"end":{"line":29,"column":1}},"1":{"start":{"line":8,"column":33},"end":{"line":8,"column":47}},"2":{"start":{"line":9,"column":32},"end":{"line":9,"column":47}},"3":{"start":{"line":10,"column":21},"end":{"line":10,"column":31}},"4":{"start":{"line":12,"column":2},"end":{"line":28,"column":3}},"5":{"start":{"line":20,"column":10},"end":{"line":20,"column":34}},"6":{"start":{"line":21,"column":10},"end":{"line":21,"column":27}},"7":{"start":{"line":23,"column":23},"end":{"line":23,"column":39}},"8":{"start":{"line":31,"column":15},"end":{"line":49,"column":2}}},"fnMap":{"0":{"name":"(anonymous_0)","decl":{"start":{"line":7,"column":27},"end":{"line":7,"column":28}},"loc":{"start":{"line":7,"column":58},"end":{"line":29,"column":1}},"line":7},"1":{"name":"(anonymous_1)","decl":{"start":{"line":19,"column":16},"end":{"line":19,"column":17}},"loc":{"start":{"line":19,"column":22},"end":{"line":22,"column":9}},"line":19},"2":{"name":"(anonymous_2)","decl":{"start":{"line":23,"column":17},"end":{"line":23,"column":18}},"loc":{"start":{"line":23,"column":23},"end":{"line":23,"column":39}},"line":23}},"branchMap":{"0":{"loc":{"start":{"line":26,"column":7},"end":{"line":26,"column":117}},"type":"cond-expr","locations":[{"start":{"line":26,"column":36},"end":{"line":26,"column":100}},{"start":{"line":26,"column":103},"end":{"line":26,"column":117}}],"line":26},"1":{"loc":{"start":{"line":26,"column":7},"end":{"line":26,"column":33}},"type":"binary-expr","locations":[{"start":{"line":26,"column":7},"end":{"line":26,"column":19}},{"start":{"line":26,"column":23},"end":{"line":26,"column":33}}],"line":26}},"s":{"0":1,"1":3,"2":3,"3":3,"4":3,"5":0,"6":0,"7":0,"8":1},"f":{"0":3,"1":0,"2":0},"b":{"0":[1,2],"1":[3,1]},"_coverageSchema":"1a1c01bbd47fc00a2c39e90264f33305004495a9","hash":"69cde454dfbd3c54fa91eb9ee50630b1ef72804c"}
,"/Users/shivammaheshwari/Code/todo-app-firebase/components/Header.js": {"path":"/Users/shivammaheshwari/Code/todo-app-firebase/components/Header.js","statementMap":{"0":{"start":{"line":4,"column":15},"end":{"line":10,"column":1}},"1":{"start":{"line":5,"column":2},"end":{"line":9,"column":3}},"2":{"start":{"line":12,"column":15},"end":{"line":15,"column":2}}},"fnMap":{"0":{"name":"(anonymous_0)","decl":{"start":{"line":4,"column":15},"end":{"line":4,"column":16}},"loc":{"start":{"line":4,"column":40},"end":{"line":10,"column":1}},"line":4}},"branchMap":{},"s":{"0":0,"1":0,"2":0},"f":{"0":0},"b":{}}
,"/Users/shivammaheshwari/Code/todo-app-firebase/components/Layout.js": {"path":"/Users/shivammaheshwari/Code/todo-app-firebase/components/Layout.js","statementMap":{"0":{"start":{"line":4,"column":15},"end":{"line":11,"column":1}},"1":{"start":{"line":5,"column":2},"end":{"line":10,"column":3}},"2":{"start":{"line":13,"column":15},"end":{"line":20,"column":2}}},"fnMap":{"0":{"name":"(anonymous_0)","decl":{"start":{"line":4,"column":15},"end":{"line":4,"column":16}},"loc":{"start":{"line":4,"column":33},"end":{"line":11,"column":1}},"line":4}},"branchMap":{},"s":{"0":0,"1":0,"2":0},"f":{"0":0},"b":{}}
,"/Users/shivammaheshwari/Code/todo-app-firebase/components/LoadingIndicator.js": {"path":"/Users/shivammaheshwari/Code/todo-app-firebase/components/LoadingIndicator.js","statementMap":{"0":{"start":{"line":4,"column":2},"end":{"line":4,"column":30}}},"fnMap":{"0":{"name":"LoadingIndicator","decl":{"start":{"line":3,"column":16},"end":{"line":3,"column":32}},"loc":{"start":{"line":3,"column":35},"end":{"line":5,"column":1}},"line":3}},"branchMap":{},"s":{"0":1},"f":{"0":1},"b":{},"_coverageSchema":"1a1c01bbd47fc00a2c39e90264f33305004495a9","hash":"436e1c81475ef076d4c8fe5bdaf58f4ae103c962"}
,"/Users/shivammaheshwari/Code/todo-app-firebase/components/TodoModal.js": {"path":"/Users/shivammaheshwari/Code/todo-app-firebase/components/TodoModal.js","statementMap":{"0":{"start":{"line":19,"column":64},"end":{"line":19,"column":68}},"1":{"start":{"line":20,"column":26},"end":{"line":20,"column":38}},"2":{"start":{"line":21,"column":25},"end":{"line":21,"column":75}},"3":{"start":{"line":21,"column":53},"end":{"line":21,"column":67}},"4":{"start":{"line":23,"column":19},"end":{"line":23,"column":32}},"5":{"start":{"line":25,"column":25},"end":{"line":25,"column":80}},"6":{"start":{"line":25,"column":36},"end":{"line":25,"column":80}},"7":{"start":{"line":27,"column":30},"end":{"line":31,"column":3}},"8":{"start":{"line":28,"column":4},"end":{"line":28,"column":82}},"9":{"start":{"line":29,"column":4},"end":{"line":29,"column":15}},"10":{"start":{"line":30,"column":4},"end":{"line":30,"column":22}},"11":{"start":{"line":33,"column":21},"end":{"line":62,"column":3}},"12":{"start":{"line":34,"column":4},"end":{"line":61,"column":5}},"13":{"start":{"line":37,"column":43},"end":{"line":37,"column":64}},"14":{"start":{"line":57,"column":41},"end":{"line":57,"column":88}},"15":{"start":{"line":64,"column":2},"end":{"line":104,"column":3}},"16":{"start":{"line":82,"column":45},"end":{"line":82,"column":68}},"17":{"start":{"line":83,"column":36},"end":{"line":83,"column":46}},"18":{"start":{"line":91,"column":36},"end":{"line":91,"column":49}},"19":{"start":{"line":97,"column":27},"end":{"line":97,"column":48}},"20":{"start":{"line":106,"column":15},"end":{"line":179,"column":2}}},"fnMap":{"0":{"name":"TodoModal","decl":{"start":{"line":18,"column":24},"end":{"line":18,"column":33}},"loc":{"start":{"line":18,"column":56},"end":{"line":105,"column":1}},"line":18},"1":{"name":"(anonymous_1)","decl":{"start":{"line":21,"column":43},"end":{"line":21,"column":44}},"loc":{"start":{"line":21,"column":53},"end":{"line":21,"column":67}},"line":21},"2":{"name":"(anonymous_2)","decl":{"start":{"line":25,"column":25},"end":{"line":25,"column":26}},"loc":{"start":{"line":25,"column":36},"end":{"line":25,"column":80}},"line":25},"3":{"name":"(anonymous_3)","decl":{"start":{"line":27,"column":30},"end":{"line":27,"column":31}},"loc":{"start":{"line":27,"column":36},"end":{"line":31,"column":3}},"line":27},"4":{"name":"(anonymous_4)","decl":{"start":{"line":33,"column":21},"end":{"line":33,"column":22}},"loc":{"start":{"line":33,"column":38},"end":{"line":62,"column":3}},"line":33},"5":{"name":"(anonymous_5)","decl":{"start":{"line":37,"column":37},"end":{"line":37,"column":38}},"loc":{"start":{"line":37,"column":43},"end":{"line":37,"column":64}},"line":37},"6":{"name":"(anonymous_6)","decl":{"start":{"line":57,"column":35},"end":{"line":57,"column":36}},"loc":{"start":{"line":57,"column":41},"end":{"line":57,"column":88}},"line":57},"7":{"name":"(anonymous_7)","decl":{"start":{"line":82,"column":24},"end":{"line":82,"column":25}},"loc":{"start":{"line":82,"column":45},"end":{"line":82,"column":68}},"line":82},"8":{"name":"(anonymous_8)","decl":{"start":{"line":83,"column":26},"end":{"line":83,"column":27}},"loc":{"start":{"line":83,"column":36},"end":{"line":83,"column":46}},"line":83},"9":{"name":"(anonymous_9)","decl":{"start":{"line":91,"column":26},"end":{"line":91,"column":27}},"loc":{"start":{"line":91,"column":36},"end":{"line":91,"column":49}},"line":91},"10":{"name":"(anonymous_10)","decl":{"start":{"line":97,"column":21},"end":{"line":97,"column":22}},"loc":{"start":{"line":97,"column":27},"end":{"line":97,"column":48}},"line":97}},"branchMap":{"0":{"loc":{"start":{"line":39,"column":20},"end":{"line":39,"column":72}},"type":"cond-expr","locations":[{"start":{"line":39,"column":37},"end":{"line":39,"column":49}},{"start":{"line":39,"column":52},"end":{"line":39,"column":72}}],"line":39},"1":{"loc":{"start":{"line":49,"column":23},"end":{"line":49,"column":68}},"type":"cond-expr","locations":[{"start":{"line":49,"column":40},"end":{"line":49,"column":52}},{"start":{"line":49,"column":55},"end":{"line":49,"column":68}}],"line":49},"2":{"loc":{"start":{"line":50,"column":36},"end":{"line":50,"column":76}},"type":"cond-expr","locations":[{"start":{"line":50,"column":53},"end":{"line":50,"column":67}},{"start":{"line":50,"column":70},"end":{"line":50,"column":76}}],"line":50}},"s":{"0":0,"1":0,"2":0,"3":0,"4":0,"5":0,"6":0,"7":0,"8":0,"9":0,"10":0,"11":0,"12":0,"13":0,"14":0,"15":0,"16":0,"17":0,"18":0,"19":0,"20":0},"f":{"0":0,"1":0,"2":0,"3":0,"4":0,"5":0,"6":0,"7":0,"8":0,"9":0,"10":0},"b":{"0":[0,0],"1":[0,0],"2":[0,0]}}
,"/Users/shivammaheshwari/Code/todo-app-firebase/components/Todolist.js": {"path":"/Users/shivammaheshwari/Code/todo-app-firebase/components/Todolist.js","statementMap":{"0":{"start":{"line":10,"column":32},"end":{"line":10,"column":47}},"1":{"start":{"line":11,"column":25},"end":{"line":11,"column":75}},"2":{"start":{"line":11,"column":53},"end":{"line":11,"column":67}},"3":{"start":{"line":12,"column":19},"end":{"line":12,"column":32}},"4":{"start":{"line":13,"column":27},"end":{"line":13,"column":53}},"5":{"start":{"line":13,"column":33},"end":{"line":13,"column":53}},"6":{"start":{"line":15,"column":2},"end":{"line":44,"column":3}},"7":{"start":{"line":37,"column":25},"end":{"line":37,"column":54}},"8":{"start":{"line":46,"column":15},"end":{"line":77,"column":2}}},"fnMap":{"0":{"name":"Todolist","decl":{"start":{"line":9,"column":24},"end":{"line":9,"column":32}},"loc":{"start":{"line":9,"column":43},"end":{"line":45,"column":1}},"line":9},"1":{"name":"(anonymous_1)","decl":{"start":{"line":11,"column":43},"end":{"line":11,"column":44}},"loc":{"start":{"line":11,"column":53},"end":{"line":11,"column":67}},"line":11},"2":{"name":"(anonymous_2)","decl":{"start":{"line":13,"column":27},"end":{"line":13,"column":28}},"loc":{"start":{"line":13,"column":33},"end":{"line":13,"column":53}},"line":13},"3":{"name":"(anonymous_3)","decl":{"start":{"line":37,"column":19},"end":{"line":37,"column":20}},"loc":{"start":{"line":37,"column":25},"end":{"line":37,"column":54}},"line":37}},"branchMap":{},"s":{"0":0,"1":0,"2":0,"3":0,"4":0,"5":0,"6":0,"7":0,"8":0},"f":{"0":0,"1":0,"2":0,"3":0},"b":{}}
,"/Users/shivammaheshwari/Code/todo-app-firebase/pages/Group.js": {"path":"/Users/shivammaheshwari/Code/todo-app-firebase/pages/Group.js","statementMap":{"0":{"start":{"line":8,"column":20},"end":{"line":8,"column":38}},"1":{"start":{"line":9,"column":20},"end":{"line":9,"column":44}},"2":{"start":{"line":11,"column":2},"end":{"line":23,"column":3}},"3":{"start":{"line":16,"column":40},"end":{"line":16,"column":57}},"4":{"start":{"line":17,"column":34},"end":{"line":17,"column":43}},"5":{"start":{"line":18,"column":43},"end":{"line":18,"column":79}},"6":{"start":{"line":26,"column":15},"end":{"line":47,"column":2}}},"fnMap":{"0":{"name":"(anonymous_0)","decl":{"start":{"line":7,"column":23},"end":{"line":7,"column":24}},"loc":{"start":{"line":7,"column":34},"end":{"line":24,"column":1}},"line":7},"1":{"name":"(anonymous_1)","decl":{"start":{"line":16,"column":33},"end":{"line":16,"column":34}},"loc":{"start":{"line":16,"column":40},"end":{"line":16,"column":57}},"line":16},"2":{"name":"(anonymous_2)","decl":{"start":{"line":17,"column":24},"end":{"line":17,"column":25}},"loc":{"start":{"line":17,"column":34},"end":{"line":17,"column":43}},"line":17},"3":{"name":"(anonymous_3)","decl":{"start":{"line":18,"column":22},"end":{"line":18,"column":23}},"loc":{"start":{"line":18,"column":43},"end":{"line":18,"column":79}},"line":18}},"branchMap":{"0":{"loc":{"start":{"line":16,"column":16},"end":{"line":16,"column":64}},"type":"binary-expr","locations":[{"start":{"line":16,"column":16},"end":{"line":16,"column":58}},{"start":{"line":16,"column":62},"end":{"line":16,"column":64}}],"line":16}},"s":{"0":0,"1":0,"2":0,"3":0,"4":0,"5":0,"6":0},"f":{"0":0,"1":0,"2":0,"3":0},"b":{"0":[0,0]}}
,"/Users/shivammaheshwari/Code/todo-app-firebase/pages/Login.js": {"path":"/Users/shivammaheshwari/Code/todo-app-firebase/pages/Login.js","statementMap":{"0":{"start":{"line":14,"column":14},"end":{"line":79,"column":1}},"1":{"start":{"line":15,"column":21},"end":{"line":15,"column":36}},"2":{"start":{"line":17,"column":17},"end":{"line":38,"column":4}},"3":{"start":{"line":23,"column":6},"end":{"line":32,"column":10}},"4":{"start":{"line":25,"column":10},"end":{"line":25,"column":37}},"5":{"start":{"line":26,"column":10},"end":{"line":26,"column":82}},"6":{"start":{"line":30,"column":10},"end":{"line":30,"column":37}},"7":{"start":{"line":31,"column":10},"end":{"line":31,"column":54}},"8":{"start":{"line":40,"column":2},"end":{"line":78,"column":3}},"9":{"start":{"line":70,"column":39},"end":{"line":70,"column":68}},"10":{"start":{"line":81,"column":15},"end":{"line":84,"column":2}}},"fnMap":{"0":{"name":"(anonymous_0)","decl":{"start":{"line":14,"column":14},"end":{"line":14,"column":15}},"loc":{"start":{"line":14,"column":25},"end":{"line":79,"column":1}},"line":14},"1":{"name":"(anonymous_1)","decl":{"start":{"line":22,"column":14},"end":{"line":22,"column":15}},"loc":{"start":{"line":22,"column":39},"end":{"line":33,"column":5}},"line":22},"2":{"name":"(anonymous_2)","decl":{"start":{"line":24,"column":14},"end":{"line":24,"column":15}},"loc":{"start":{"line":24,"column":23},"end":{"line":28,"column":9}},"line":24},"3":{"name":"(anonymous_3)","decl":{"start":{"line":29,"column":15},"end":{"line":29,"column":16}},"loc":{"start":{"line":29,"column":24},"end":{"line":32,"column":9}},"line":29},"4":{"name":"(anonymous_4)","decl":{"start":{"line":70,"column":33},"end":{"line":70,"column":34}},"loc":{"start":{"line":70,"column":39},"end":{"line":70,"column":68}},"line":70}},"branchMap":{},"s":{"0":0,"1":0,"2":0,"3":0,"4":0,"5":0,"6":0,"7":0,"8":0,"9":0,"10":0},"f":{"0":0,"1":0,"2":0,"3":0,"4":0},"b":{}}
,"/Users/shivammaheshwari/Code/todo-app-firebase/pages/Settings.js": {"path":"/Users/shivammaheshwari/Code/todo-app-firebase/pages/Settings.js","statementMap":{"0":{"start":{"line":10,"column":17},"end":{"line":93,"column":1}},"1":{"start":{"line":11,"column":17},"end":{"line":23,"column":3}},"2":{"start":{"line":12,"column":4},"end":{"line":22,"column":8}},"3":{"start":{"line":15,"column":8},"end":{"line":17,"column":10}},"4":{"start":{"line":16,"column":10},"end":{"line":16,"column":30}},"5":{"start":{"line":18,"column":8},"end":{"line":18,"column":74}},"6":{"start":{"line":21,"column":8},"end":{"line":21,"column":70}},"7":{"start":{"line":21,"column":24},"end":{"line":21,"column":70}},"8":{"start":{"line":25,"column":2},"end":{"line":92,"column":3}},"9":{"start":{"line":88,"column":98},"end":{"line":88,"column":106}},"10":{"start":{"line":95,"column":15},"end":{"line":119,"column":2}}},"fnMap":{"0":{"name":"(anonymous_0)","decl":{"start":{"line":10,"column":17},"end":{"line":10,"column":18}},"loc":{"start":{"line":10,"column":28},"end":{"line":93,"column":1}},"line":10},"1":{"name":"(anonymous_1)","decl":{"start":{"line":11,"column":17},"end":{"line":11,"column":18}},"loc":{"start":{"line":11,"column":23},"end":{"line":23,"column":3}},"line":11},"2":{"name":"(anonymous_2)","decl":{"start":{"line":14,"column":12},"end":{"line":14,"column":13}},"loc":{"start":{"line":14,"column":18},"end":{"line":19,"column":7}},"line":14},"3":{"name":"(anonymous_3)","decl":{"start":{"line":15,"column":35},"end":{"line":15,"column":36}},"loc":{"start":{"line":15,"column":46},"end":{"line":17,"column":9}},"line":15},"4":{"name":"(anonymous_4)","decl":{"start":{"line":20,"column":13},"end":{"line":20,"column":14}},"loc":{"start":{"line":20,"column":24},"end":{"line":22,"column":7}},"line":20},"5":{"name":"(anonymous_5)","decl":{"start":{"line":42,"column":23},"end":{"line":42,"column":24}},"loc":{"start":{"line":42,"column":29},"end":{"line":42,"column":31}},"line":42},"6":{"name":"(anonymous_6)","decl":{"start":{"line":56,"column":23},"end":{"line":56,"column":24}},"loc":{"start":{"line":56,"column":29},"end":{"line":56,"column":31}},"line":56},"7":{"name":"(anonymous_7)","decl":{"start":{"line":69,"column":23},"end":{"line":69,"column":24}},"loc":{"start":{"line":69,"column":29},"end":{"line":69,"column":31}},"line":69},"8":{"name":"(anonymous_8)","decl":{"start":{"line":82,"column":23},"end":{"line":82,"column":24}},"loc":{"start":{"line":82,"column":29},"end":{"line":82,"column":31}},"line":82},"9":{"name":"(anonymous_9)","decl":{"start":{"line":88,"column":92},"end":{"line":88,"column":93}},"loc":{"start":{"line":88,"column":98},"end":{"line":88,"column":106}},"line":88}},"branchMap":{"0":{"loc":{"start":{"line":21,"column":8},"end":{"line":21,"column":70}},"type":"if","locations":[{"start":{"line":21,"column":8},"end":{"line":21,"column":70}},{"start":{},"end":{}}],"line":21}},"s":{"0":0,"1":0,"2":0,"3":0,"4":0,"5":0,"6":0,"7":0,"8":0,"9":0,"10":0},"f":{"0":0,"1":0,"2":0,"3":0,"4":0,"5":0,"6":0,"7":0,"8":0,"9":0},"b":{"0":[0,0]}}
,"/Users/shivammaheshwari/Code/todo-app-firebase/pages/Signup.js": {"path":"/Users/shivammaheshwari/Code/todo-app-firebase/pages/Signup.js","statementMap":{"0":{"start":{"line":14,"column":15},"end":{"line":91,"column":1}},"1":{"start":{"line":15,"column":21},"end":{"line":15,"column":36}},"2":{"start":{"line":17,"column":17},"end":{"line":42,"column":4}},"3":{"start":{"line":24,"column":6},"end":{"line":33,"column":10}},"4":{"start":{"line":26,"column":10},"end":{"line":26,"column":37}},"5":{"start":{"line":27,"column":10},"end":{"line":27,"column":93}},"6":{"start":{"line":28,"column":10},"end":{"line":28,"column":38}},"7":{"start":{"line":31,"column":10},"end":{"line":31,"column":37}},"8":{"start":{"line":32,"column":10},"end":{"line":32,"column":68}},"9":{"start":{"line":32,"column":24},"end":{"line":32,"column":68}},"10":{"start":{"line":43,"column":2},"end":{"line":90,"column":3}},"11":{"start":{"line":82,"column":39},"end":{"line":82,"column":67}},"12":{"start":{"line":93,"column":15},"end":{"line":97,"column":2}}},"fnMap":{"0":{"name":"(anonymous_0)","decl":{"start":{"line":14,"column":15},"end":{"line":14,"column":16}},"loc":{"start":{"line":14,"column":26},"end":{"line":91,"column":1}},"line":14},"1":{"name":"(anonymous_1)","decl":{"start":{"line":23,"column":14},"end":{"line":23,"column":15}},"loc":{"start":{"line":23,"column":45},"end":{"line":34,"column":5}},"line":23},"2":{"name":"(anonymous_2)","decl":{"start":{"line":25,"column":14},"end":{"line":25,"column":15}},"loc":{"start":{"line":25,"column":23},"end":{"line":29,"column":9}},"line":25},"3":{"name":"(anonymous_3)","decl":{"start":{"line":30,"column":15},"end":{"line":30,"column":16}},"loc":{"start":{"line":30,"column":24},"end":{"line":33,"column":9}},"line":30},"4":{"name":"(anonymous_4)","decl":{"start":{"line":82,"column":33},"end":{"line":82,"column":34}},"loc":{"start":{"line":82,"column":39},"end":{"line":82,"column":67}},"line":82}},"branchMap":{"0":{"loc":{"start":{"line":32,"column":10},"end":{"line":32,"column":68}},"type":"if","locations":[{"start":{"line":32,"column":10},"end":{"line":32,"column":68}},{"start":{},"end":{}}],"line":32}},"s":{"0":0,"1":0,"2":0,"3":0,"4":0,"5":0,"6":0,"7":0,"8":0,"9":0,"10":0,"11":0,"12":0},"f":{"0":0,"1":0,"2":0,"3":0,"4":0},"b":{"0":[0,0]}}
,"/Users/shivammaheshwari/Code/todo-app-firebase/pages/TodoApp.js": {"path":"/Users/shivammaheshwari/Code/todo-app-firebase/pages/TodoApp.js","statementMap":{"0":{"start":{"line":13,"column":21},"end":{"line":28,"column":1}},"1":{"start":{"line":14,"column":2},"end":{"line":27,"column":9}},"2":{"start":{"line":31,"column":32},"end":{"line":31,"column":47}},"3":{"start":{"line":33,"column":20},"end":{"line":33,"column":44}},"4":{"start":{"line":35,"column":27},"end":{"line":35,"column":53}},"5":{"start":{"line":35,"column":33},"end":{"line":35,"column":53}},"6":{"start":{"line":36,"column":21},"end":{"line":36,"column":36}},"7":{"start":{"line":37,"column":21},"end":{"line":48,"column":3}},"8":{"start":{"line":38,"column":4},"end":{"line":47,"column":5}},"9":{"start":{"line":40,"column":8},"end":{"line":40,"column":68}},"10":{"start":{"line":42,"column":8},"end":{"line":42,"column":59}},"11":{"start":{"line":44,"column":8},"end":{"line":44,"column":64}},"12":{"start":{"line":46,"column":8},"end":{"line":46,"column":57}},"13":{"start":{"line":50,"column":2},"end":{"line":97,"column":3}},"14":{"start":{"line":59,"column":12},"end":{"line":76,"column":13}},"15":{"start":{"line":70,"column":80},"end":{"line":70,"column":96}},"16":{"start":{"line":74,"column":31},"end":{"line":74,"column":76}},"17":{"start":{"line":90,"column":34},"end":{"line":90,"column":43}},"18":{"start":{"line":91,"column":43},"end":{"line":91,"column":79}},"19":{"start":{"line":100,"column":15},"end":{"line":141,"column":2}}},"fnMap":{"0":{"name":"(anonymous_0)","decl":{"start":{"line":13,"column":21},"end":{"line":13,"column":22}},"loc":{"start":{"line":14,"column":2},"end":{"line":27,"column":9}},"line":14},"1":{"name":"TodoApp","decl":{"start":{"line":30,"column":24},"end":{"line":30,"column":31}},"loc":{"start":{"line":30,"column":34},"end":{"line":98,"column":1}},"line":30},"2":{"name":"(anonymous_2)","decl":{"start":{"line":35,"column":27},"end":{"line":35,"column":28}},"loc":{"start":{"line":35,"column":33},"end":{"line":35,"column":53}},"line":35},"3":{"name":"(anonymous_3)","decl":{"start":{"line":37,"column":21},"end":{"line":37,"column":22}},"loc":{"start":{"line":37,"column":31},"end":{"line":48,"column":3}},"line":37},"4":{"name":"(anonymous_4)","decl":{"start":{"line":58,"column":22},"end":{"line":58,"column":23}},"loc":{"start":{"line":58,"column":39},"end":{"line":77,"column":11}},"line":58},"5":{"name":"(anonymous_5)","decl":{"start":{"line":70,"column":73},"end":{"line":70,"column":74}},"loc":{"start":{"line":70,"column":80},"end":{"line":70,"column":96}},"line":70},"6":{"name":"(anonymous_6)","decl":{"start":{"line":74,"column":25},"end":{"line":74,"column":26}},"loc":{"start":{"line":74,"column":31},"end":{"line":74,"column":76}},"line":74},"7":{"name":"(anonymous_7)","decl":{"start":{"line":90,"column":24},"end":{"line":90,"column":25}},"loc":{"start":{"line":90,"column":34},"end":{"line":90,"column":43}},"line":90},"8":{"name":"(anonymous_8)","decl":{"start":{"line":91,"column":22},"end":{"line":91,"column":23}},"loc":{"start":{"line":91,"column":43},"end":{"line":91,"column":79}},"line":91}},"branchMap":{"0":{"loc":{"start":{"line":38,"column":4},"end":{"line":47,"column":5}},"type":"switch","locations":[{"start":{"line":39,"column":6},"end":{"line":40,"column":68}},{"start":{"line":41,"column":6},"end":{"line":42,"column":59}},{"start":{"line":43,"column":6},"end":{"line":44,"column":64}},{"start":{"line":45,"column":6},"end":{"line":46,"column":57}}],"line":38},"1":{"loc":{"start":{"line":89,"column":16},"end":{"line":89,"column":31}},"type":"binary-expr","locations":[{"start":{"line":89,"column":16},"end":{"line":89,"column":25}},{"start":{"line":89,"column":29},"end":{"line":89,"column":31}}],"line":89}},"s":{"0":0,"1":0,"2":0,"3":0,"4":0,"5":0,"6":0,"7":0,"8":0,"9":0,"10":0,"11":0,"12":0,"13":0,"14":0,"15":0,"16":0,"17":0,"18":0,"19":0},"f":{"0":0,"1":0,"2":0,"3":0,"4":0,"5":0,"6":0,"7":0,"8":0},"b":{"0":[0,0,0,0],"1":[0,0]}}
,"/Users/shivammaheshwari/Code/todo-app-firebase/redux/authSlice.js": {"path":"/Users/shivammaheshwari/Code/todo-app-firebase/redux/authSlice.js","statementMap":{"0":{"start":{"line":3,"column":18},"end":{"line":14,"column":2}},"1":{"start":{"line":10,"column":6},"end":{"line":10,"column":40}},"2":{"start":{"line":16,"column":34},"end":{"line":16,"column":51}},"3":{"start":{"line":18,"column":30},"end":{"line":20,"column":1}},"4":{"start":{"line":19,"column":2},"end":{"line":19,"column":31}}},"fnMap":{"0":{"name":"(anonymous_0)","decl":{"start":{"line":9,"column":20},"end":{"line":9,"column":21}},"loc":{"start":{"line":9,"column":39},"end":{"line":11,"column":5}},"line":9},"1":{"name":"(anonymous_1)","decl":{"start":{"line":13,"column":17},"end":{"line":13,"column":18}},"loc":{"start":{"line":13,"column":30},"end":{"line":13,"column":32}},"line":13},"2":{"name":"(anonymous_2)","decl":{"start":{"line":18,"column":30},"end":{"line":18,"column":31}},"loc":{"start":{"line":18,"column":41},"end":{"line":20,"column":1}},"line":18}},"branchMap":{},"s":{"0":0,"1":0,"2":0,"3":0,"4":0},"f":{"0":0,"1":0,"2":0},"b":{}}
,"/Users/shivammaheshwari/Code/todo-app-firebase/redux/reducers.js": {"path":"/Users/shivammaheshwari/Code/todo-app-firebase/redux/reducers.js","statementMap":{},"fnMap":{},"branchMap":{},"s":{},"f":{},"b":{}}
,"/Users/shivammaheshwari/Code/todo-app-firebase/redux/todoSlice.js": {"path":"/Users/shivammaheshwari/Code/todo-app-firebase/redux/todoSlice.js","statementMap":{"0":{"start":{"line":4,"column":18},"end":{"line":47,"column":2}},"1":{"start":{"line":11,"column":6},"end":{"line":11,"column":99}},"2":{"start":{"line":14,"column":6},"end":{"line":14,"column":88}},"3":{"start":{"line":14,"column":61},"end":{"line":14,"column":86}},"4":{"start":{"line":17,"column":6},"end":{"line":24,"column":7}},"5":{"start":{"line":18,"column":8},"end":{"line":23,"column":13}},"6":{"start":{"line":21,"column":46},"end":{"line":21,"column":114}},"7":{"start":{"line":27,"column":6},"end":{"line":34,"column":7}},"8":{"start":{"line":28,"column":8},"end":{"line":33,"column":13}},"9":{"start":{"line":37,"column":6},"end":{"line":44,"column":7}},"10":{"start":{"line":38,"column":8},"end":{"line":43,"column":13}},"11":{"start":{"line":41,"column":48},"end":{"line":41,"column":76}},"12":{"start":{"line":49,"column":78},"end":{"line":49,"column":95}},"13":{"start":{"line":51,"column":27},"end":{"line":53,"column":1}},"14":{"start":{"line":52,"column":2},"end":{"line":52,"column":30}}},"fnMap":{"0":{"name":"(anonymous_0)","decl":{"start":{"line":10,"column":13},"end":{"line":10,"column":14}},"loc":{"start":{"line":10,"column":32},"end":{"line":12,"column":5}},"line":10},"1":{"name":"(anonymous_1)","decl":{"start":{"line":13,"column":16},"end":{"line":13,"column":17}},"loc":{"start":{"line":13,"column":35},"end":{"line":15,"column":5}},"line":13},"2":{"name":"(anonymous_2)","decl":{"start":{"line":14,"column":51},"end":{"line":14,"column":52}},"loc":{"start":{"line":14,"column":61},"end":{"line":14,"column":86}},"line":14},"3":{"name":"(anonymous_3)","decl":{"start":{"line":16,"column":16},"end":{"line":16,"column":17}},"loc":{"start":{"line":16,"column":35},"end":{"line":25,"column":5}},"line":16},"4":{"name":"(anonymous_4)","decl":{"start":{"line":17,"column":44},"end":{"line":17,"column":45}},"loc":{"start":{"line":18,"column":8},"end":{"line":23,"column":13}},"line":18},"5":{"name":"(anonymous_5)","decl":{"start":{"line":21,"column":33},"end":{"line":21,"column":34}},"loc":{"start":{"line":21,"column":46},"end":{"line":21,"column":114}},"line":21},"6":{"name":"(anonymous_6)","decl":{"start":{"line":26,"column":16},"end":{"line":26,"column":17}},"loc":{"start":{"line":26,"column":35},"end":{"line":35,"column":5}},"line":26},"7":{"name":"(anonymous_7)","decl":{"start":{"line":27,"column":44},"end":{"line":27,"column":45}},"loc":{"start":{"line":28,"column":8},"end":{"line":33,"column":13}},"line":28},"8":{"name":"(anonymous_8)","decl":{"start":{"line":36,"column":19},"end":{"line":36,"column":20}},"loc":{"start":{"line":36,"column":38},"end":{"line":45,"column":5}},"line":36},"9":{"name":"(anonymous_9)","decl":{"start":{"line":37,"column":44},"end":{"line":37,"column":45}},"loc":{"start":{"line":38,"column":8},"end":{"line":43,"column":13}},"line":38},"10":{"name":"(anonymous_10)","decl":{"start":{"line":41,"column":36},"end":{"line":41,"column":37}},"loc":{"start":{"line":41,"column":48},"end":{"line":41,"column":76}},"line":41},"11":{"name":"(anonymous_11)","decl":{"start":{"line":51,"column":27},"end":{"line":51,"column":28}},"loc":{"start":{"line":51,"column":38},"end":{"line":53,"column":1}},"line":51}},"branchMap":{"0":{"loc":{"start":{"line":18,"column":8},"end":{"line":23,"column":13}},"type":"cond-expr","locations":[{"start":{"line":19,"column":12},"end":{"line":22,"column":13}},{"start":{"line":23,"column":12},"end":{"line":23,"column":13}}],"line":18},"1":{"loc":{"start":{"line":21,"column":46},"end":{"line":21,"column":114}},"type":"cond-expr","locations":[{"start":{"line":21,"column":77},"end":{"line":21,"column":110}},{"start":{"line":21,"column":113},"end":{"line":21,"column":114}}],"line":21},"2":{"loc":{"start":{"line":28,"column":8},"end":{"line":33,"column":13}},"type":"cond-expr","locations":[{"start":{"line":29,"column":12},"end":{"line":32,"column":13}},{"start":{"line":33,"column":12},"end":{"line":33,"column":13}}],"line":28},"3":{"loc":{"start":{"line":38,"column":8},"end":{"line":43,"column":13}},"type":"cond-expr","locations":[{"start":{"line":39,"column":12},"end":{"line":42,"column":13}},{"start":{"line":43,"column":12},"end":{"line":43,"column":13}}],"line":38}},"s":{"0":0,"1":0,"2":0,"3":0,"4":0,"5":0,"6":0,"7":0,"8":0,"9":0,"10":0,"11":0,"12":0,"13":0,"14":0},"f":{"0":0,"1":0,"2":0,"3":0,"4":0,"5":0,"6":0,"7":0,"8":0,"9":0,"10":0,"11":0},"b":{"0":[0,0],"1":[0,0],"2":[0,0],"3":[0,0]}}
,"/Users/shivammaheshwari/Code/todo-app-firebase/utils/groups.js": {"path":"/Users/shivammaheshwari/Code/todo-app-firebase/utils/groups.js","statementMap":{"0":{"start":{"line":1,"column":22},"end":{"line":1,"column":65}}},"fnMap":{},"branchMap":{},"s":{"0":0},"f":{},"b":{}}
,"/Users/shivammaheshwari/Code/todo-app-firebase/utils/showToastMessage.js": {"path":"/Users/shivammaheshwari/Code/todo-app-firebase/utils/showToastMessage.js","statementMap":{"0":{"start":{"line":3,"column":32},"end":{"line":10,"column":1}},"1":{"start":{"line":4,"column":2},"end":{"line":9,"column":4}}},"fnMap":{"0":{"name":"(anonymous_0)","decl":{"start":{"line":3,"column":32},"end":{"line":3,"column":33}},"loc":{"start":{"line":3,"column":57},"end":{"line":10,"column":1}},"line":3}},"branchMap":{},"s":{"0":0,"1":0},"f":{"0":0},"b":{}}
}
